<?xml version="1.0" encoding="UTF-8"?>
<!-- Generated by org.testng.reporters.JUnitReportReporter -->
<testsuite hostname="svegile_0002" failures="0" tests="11" name="o2technologies_test.GlobalProfile_UI_DB_Test" time="32.144" errors="0" timestamp="2024-07-23T15:58:15 IST" skipped="0">
  <testcase classname="o2technologies_test.GlobalProfile_UI_DB_Test" name="login" time="12.138"/>
  <system-out/>
  <testcase classname="o2technologies_test.GlobalProfile_UI_DB_Test" name="addProfileWithGoogle" time="4.526"/>
  <system-out/>
  <testcase classname="o2technologies_test.GlobalProfile_UI_DB_Test" name="addProfileWithMobile" time="2.492"/>
  <system-out/>
  <testcase classname="o2technologies_test.GlobalProfile_UI_DB_Test" name="verifyProfileAdditionToDatabaseWithGoogle" time="0.739"/>
  <system-out/>
  <testcase classname="o2technologies_test.GlobalProfile_UI_DB_Test" name="verifyProfileUpdateInDatabase" time="0.958"/>
  <system-out/>
  <testcase classname="o2technologies_test.GlobalProfile_UI_DB_Test" name="verifyProfileDeletionFromDatabase" time="1.214"/>
  <system-out/>
  <testcase classname="o2technologies_test.GlobalProfile_UI_DB_Test" name="dateCreatedTest" time="7.788"/>
  <system-out/>
  <testcase classname="o2technologies_test.GlobalProfile_UI_DB_Test" name="verifyUIElements" time="0.628"/>
  <system-out/>
  <testcase classname="o2technologies_test.GlobalProfile_UI_DB_Test" name="searchVerification" time="0.882"/>
  <system-out/>
  <testcase classname="o2technologies_test.GlobalProfile_UI_DB_Test" name="company_URLS" time="0.279"/>
  <system-out/>
  <testcase classname="o2technologies_test.GlobalProfile_UI_DB_Test" name="pageNation" time="0.500"/>
  <system-out/>
</testsuite> <!-- o2technologies_test.GlobalProfile_UI_DB_Test -->
