<?xml version="1.0" encoding="UTF-8"?>
<!-- Generated by org.testng.reporters.JUnitReportReporter -->
<testsuite hostname="svegile_0002" failures="0" tests="11" name="o2technologies.pages.IntegrationTesting_UI_DB" time="25.126" errors="0" timestamp="2024-07-15T20:39:27 IST" skipped="0">
  <testcase classname="o2technologies.pages.IntegrationTesting_UI_DB" name="login" time="9.923"/>
  <system-out/>
  <testcase classname="o2technologies.pages.IntegrationTesting_UI_DB" name="addProfileWithGoogle" time="3.558"/>
  <system-out/>
  <testcase classname="o2technologies.pages.IntegrationTesting_UI_DB" name="addProfileWithMobile" time="2.294"/>
  <system-out/>
  <testcase classname="o2technologies.pages.IntegrationTesting_UI_DB" name="verifyProfileAdditionToDatabaseWithGoogle" time="0.766"/>
  <system-out/>
  <testcase classname="o2technologies.pages.IntegrationTesting_UI_DB" name="verifyProfileUpdateInDatabase" time="1.019"/>
  <system-out/>
  <testcase classname="o2technologies.pages.IntegrationTesting_UI_DB" name="verifyProfileDeletionFromDatabase" time="1.199"/>
  <system-out/>
  <testcase classname="o2technologies.pages.IntegrationTesting_UI_DB" name="dateCreatedTest" time="3.911"/>
  <system-out/>
  <testcase classname="o2technologies.pages.IntegrationTesting_UI_DB" name="verifyUIElements" time="0.712"/>
  <system-out/>
  <testcase classname="o2technologies.pages.IntegrationTesting_UI_DB" name="searchVerification" time="0.544"/>
  <system-out/>
  <testcase classname="o2technologies.pages.IntegrationTesting_UI_DB" name="company_URLS" time="0.251"/>
  <system-out/>
  <testcase classname="o2technologies.pages.IntegrationTesting_UI_DB" name="pageNation" time="0.949"/>
  <system-out/>
</testsuite> <!-- o2technologies.pages.IntegrationTesting_UI_DB -->
