<?xml version="1.0" encoding="UTF-8"?>
<!-- Generated by org.testng.reporters.JUnitReportReporter -->
<testsuite hostname="svegile_0002" failures="0" tests="2" name="o2technologies.test.GlobalProfileTest" time="42.173" errors="0" timestamp="2024-07-12T16:52:26 IST" skipped="0">
  <testcase classname="o2technologies.test.GlobalProfileTest" name="login" time="12.450"/>
  <system-out/>
  <testcase classname="o2technologies.test.GlobalProfileTest" name="addProfileWithPhonenumber" time="29.723"/>
  <system-out/>
</testsuite> <!-- o2technologies.test.GlobalProfileTest -->
