<?xml version="1.0" encoding="UTF-8"?>
<!-- Generated by org.testng.reporters.JUnitReportReporter -->
<testsuite hostname="svegile_0002" failures="0" tests="2" name="apiIntegrationTest.ProfileAPITestApi" time="9.069" errors="0" timestamp="2024-07-23T16:22:16 IST" skipped="0">
  <testcase classname="apiIntegrationTest.ProfileAPITestApi" name="testAddProfile" time="3.798"/>
  <system-out/>
  <testcase classname="apiIntegrationTest.ProfileAPITestApi" name="testAddProfileAndVerify" time="5.271"/>
  <system-out/>
</testsuite> <!-- apiIntegrationTest.ProfileAPITestApi -->
