<?xml version="1.0" encoding="UTF-8"?>
<!-- Generated by org.testng.reporters.JUnitReportReporter -->
<testsuite hostname="svegile_0002" failures="0" tests="11" name="o2technologies.test.IntegrationTesting_UI_DB" time="33.717" errors="0" timestamp="2024-07-22T16:03:07 IST" skipped="0">
  <testcase classname="o2technologies.test.IntegrationTesting_UI_DB" name="login" time="12.335"/>
  <system-out/>
  <testcase classname="o2technologies.test.IntegrationTesting_UI_DB" name="addProfileWithGoogle" time="5.258"/>
  <system-out/>
  <testcase classname="o2technologies.test.IntegrationTesting_UI_DB" name="addProfileWithMobile" time="4.240"/>
  <system-out/>
  <testcase classname="o2technologies.test.IntegrationTesting_UI_DB" name="verifyProfileAdditionToDatabaseWithGoogle" time="1.025"/>
  <system-out/>
  <testcase classname="o2technologies.test.IntegrationTesting_UI_DB" name="verifyProfileUpdateInDatabase" time="1.758"/>
  <system-out/>
  <testcase classname="o2technologies.test.IntegrationTesting_UI_DB" name="verifyProfileDeletionFromDatabase" time="2.442"/>
  <system-out/>
  <testcase classname="o2technologies.test.IntegrationTesting_UI_DB" name="dateCreatedTest" time="4.571"/>
  <system-out/>
  <testcase classname="o2technologies.test.IntegrationTesting_UI_DB" name="verifyUIElements" time="0.554"/>
  <system-out/>
  <testcase classname="o2technologies.test.IntegrationTesting_UI_DB" name="searchVerification" time="0.697"/>
  <system-out/>
  <testcase classname="o2technologies.test.IntegrationTesting_UI_DB" name="company_URLS" time="0.212"/>
  <system-out/>
  <testcase classname="o2technologies.test.IntegrationTesting_UI_DB" name="pageNation" time="0.625"/>
  <system-out/>
</testsuite> <!-- o2technologies.test.IntegrationTesting_UI_DB -->
