<?xml version="1.0" encoding="UTF-8"?>
<!-- Generated by org.testng.reporters.JUnitReportReporter -->
<testsuite hostname="svegile_0002" failures="0" tests="2" name="apiIntegrationTest.ProfileAPITestSQL" time="10.889" errors="0" timestamp="2024-07-23T16:25:35 IST" skipped="0">
  <testcase classname="apiIntegrationTest.ProfileAPITestSQL" name="testAddProfile" time="10.349"/>
  <system-out/>
  <testcase classname="apiIntegrationTest.ProfileAPITestSQL" name="verifyDataInDatabase" time="0.540"/>
  <system-out/>
</testsuite> <!-- apiIntegrationTest.ProfileAPITestSQL -->
